<?xml version="1.0" encoding="UTF-8"?>
<!-- Generated by org.testng.reporters.JUnitXMLReporter -->
<testsuite ignored="0" hostname="LTIN396427" failures="1" tests="1" name="Chrome Test" time="34.437" errors="0" timestamp="2022-11-04T10:51:53 IST">
  <testcase classname="lambdatestjava.LambdaTestJava" name="testScenario1" time="20.028">
    <failure type="org.testng.internal.thread.ThreadTimeoutException" message="Method lambdatestjava.LambdaTestJava.testScenario1() didn&amp;apos;t finish within the time-out 20000">
      <![CDATA[org.testng.internal.thread.ThreadTimeoutException: Method lambdatestjava.LambdaTestJava.testScenario1() didn't finish within the time-out 20000
at java.base/java.util.concurrent.ThreadPoolExecutor.runWorker(ThreadPoolExecutor.java:1136)
at java.base/java.util.concurrent.ThreadPoolExecutor$Worker.run(ThreadPoolExecutor.java:635)
at java.base/java.lang.Thread.run(Thread.java:833)
... Removed 9 stack frames]]>
    </failure>
  </testcase> <!-- testScenario1 -->
</testsuite> <!-- Chrome Test -->
